<?xml version="1.0" encoding="UTF-8"?>
<!-- Generated by org.testng.reporters.JUnitXMLReporter -->
<testsuite ignored="6" hostname="DESKTOP-MNI71QO" failures="1" tests="9" name="RegressionTest" time="70.666" errors="0" timestamp="2023-11-28T22:32:13 IST">
  <testcase classname="Regression.TC002" name="logtest on [TC002 passed=0 failed=0 skipped=0]" time="0.025"/>
  <testcase classname="Regression.TC002" name="logtest2 on [TC002 passed=0 failed=0 skipped=0]" time="0.004"/>
  <testcase classname="Regression.TC002" name="logtest3 on [TC002 passed=0 failed=0 skipped=0]" time="0.003"/>
  <testcase classname="Regression.TC002" name="logtest4 on [TC002 passed=0 failed=0 skipped=0]" time="0.005"/>
  <testcase classname="Regression.TC002" name="logtest5 on [TC002 passed=0 failed=0 skipped=0]" time="0.003"/>
  <testcase classname="Regression.TestXpath" name="login on [TestXpath passed=0 failed=0 skipped=0]" time="6.805"/>
  <testcase classname="Regression.TestXpath" name="VerifyLoginError on [TestXpath passed=0 failed=0 skipped=0]" time="0.964"/>
  <testcase classname="Regression.NewUserRegistration" name="TestResistraion on [NewUserRegistration passed=0 failed=0 skipped=0]" time="12.69"/>
  <testcase classname="Regression.AllLinkTestsOnPage" name="Linkstest on [AllLinkTestsOnPage passed=0 failed=0 skipped=0]" time="5.204">
    <failure type="java.lang.AssertionError" message="expected [https://automationexercise.com/] but found [https://automationexercise.com1/]">
      <![CDATA[java.lang.AssertionError: expected [https://automationexercise.com/] but found [https://automationexercise.com1/]
at Utilities.WriteToExcel.CompareLinksOnThePage(WriteToExcel.java:95)
at BaseClasses.LinkValidation.FindAndCompareAllLinks(LinkValidation.java:44)
at Regression.AllLinkTestsOnPage.Linkstest(AllLinkTestsOnPage.java:29)
at java.base/java.util.ArrayList.forEach(ArrayList.java:1511)
... Removed 37 stack frames]]>
    </failure>
  </testcase> <!-- Linkstest on [AllLinkTestsOnPage passed=0 failed=0 skipped=0] -->
  <testcase classname="BaseClasses.TC001" name="@BeforeTest setup" time="0.0">
    <ignored/>
  </testcase> <!-- @BeforeTest setup -->
  <testcase classname="BaseClasses.TC001" name="@AfterTest closeReport" time="0.0">
    <ignored/>
  </testcase> <!-- @AfterTest closeReport -->
  <testcase classname="BaseClasses.TC001" name="@AfterTest closeReport" time="0.0">
    <ignored/>
  </testcase> <!-- @AfterTest closeReport -->
  <testcase classname="BaseClasses.TC001" name="@BeforeTest setup" time="0.0">
    <ignored/>
  </testcase> <!-- @BeforeTest setup -->
  <testcase classname="BaseClasses.TC001" name="@BeforeTest setup" time="0.0">
    <ignored/>
  </testcase> <!-- @BeforeTest setup -->
  <testcase classname="BaseClasses.TC001" name="@AfterTest closeReport" time="0.0">
    <ignored/>
  </testcase> <!-- @AfterTest closeReport -->
</testsuite> <!-- RegressionTest -->
